6828 decimal is 15254 octal!
Physical memory: 66556K available, base = 640K, extended = 65532K
check_page_alloc() succeeded!
check_page() succeeded!
check_kern_pgdir() succeeded!
check_page_installed_pgdir() succeeded!
SMP: CPU 0 found 2 CPU(s)
enabled interrupts: 1 2
SMP: CPU 1 starting
[00000000] new env 00001000
[00001000] new env 00001001
CPU 1: 2 [00001001] new env 00001002
CPU 1: 3 [00001002] new env 00001003
CPU 1: 5 [00001003] new env 00001004
CPU 0: 7 [00001004] new env 00001005
CPU 1: 11 [00001005] new env 00001006
CPU 1: 13 [00001006] new env 00001007
CPU 1: 17 [00001007] new env 00001008
CPU 1: 19 [00001008] new env 00001009
CPU 0: 23 [00001009] new env 0000100a
CPU 1: 29 [0000100a] new env 0000100b
CPU 1: 31 [0000100b] new env 0000100c
CPU 0: 37 [0000100c] new env 0000100d
CPU 1: 41 [0000100d] new env 0000100e
CPU 1: 43 [0000100e] new env 0000100f
CPU 0: 47 [0000100f] new env 00001010
CPU 1: 53 [00001010] new env 00001011
CPU 1: 59 [00001011] new env 00001012
CPU 1: 61 [00001012] new env 00001013
CPU 0: 67 [00001013] new env 00001014
CPU 1: 71 [00001014] new env 00001015
CPU 1: 73 [00001015] new env 00001016
CPU 1: 79 [00001016] new env 00001017
CPU 0: 83 [00001017] new env 00001018
CPU 1: 89 [00001018] new env 00001019
CPU 0: 97 [00001019] new env 0000101a
CPU 1: 101 [0000101a] new env 0000101b
CPU 1: 103 [0000101b] new env 0000101c
CPU 1: 107 [0000101c] new env 0000101d
CPU 1: 109 [0000101d] new env 0000101e
CPU 1: 113 [0000101e] new env 0000101f
CPU 1: 127 [0000101f] new env 00001020
CPU 0: 131 [00001020] new env 00001021
CPU 1: 137 [00001021] new env 00001022
CPU 1: 139 [00001022] new env 00001023
CPU 0: 149 [00001023] new env 00001024
CPU 1: 151 [00001024] new env 00001025
CPU 0: 157 [00001025] new env 00001026
CPU 1: 163 [00001026] new env 00001027
CPU 0: 167 [00001027] new env 00001028
CPU 1: 173 [00001028] new env 00001029
CPU 0: 179 [00001029] new env 0000102a
CPU 1: 181 [0000102a] new env 0000102b
CPU 0: 191 [0000102b] new env 0000102c
CPU 1: 193 [0000102c] new env 0000102d
CPU 1: 197 [0000102d] new env 0000102e
CPU 0: 199 [0000102e] new env 0000102f
CPU 1: 211 [0000102f] new env 00001030
CPU 0: 223 [00001030] new env 00001031
CPU 1: 227 [00001031] new env 00001032
CPU 1: 229 [00001032] new env 00001033
CPU 1: 233 [00001033] new env 00001034
CPU 1: 239 [00001034] new env 00001035
CPU 1: 241 [00001035] new env 00001036
CPU 0: 251 [00001036] new env 00001037
CPU 1: 257 [00001037] new env 00001038
CPU 0: 263 [00001038] new env 00001039
CPU 1: 269 [00001039] new env 0000103a
CPU 1: 271 [0000103a] new env 0000103b
CPU 1: 277 [0000103b] new env 0000103c
CPU 0: 281 [0000103c] new env 0000103d
CPU 1: 283 [0000103d] new env 0000103e
CPU 0: 293 [0000103e] new env 0000103f
CPU 1: 307 [0000103f] new env 00001040
CPU 0: 311 [00001040] new env 00001041
CPU 1: 313 [00001041] new env 00001042
CPU 1: 317 [00001042] new env 00001043
CPU 1: 331 [00001043] new env 00001044
CPU 0: 337 [00001044] new env 00001045
CPU 1: 347 [00001045] new env 00001046
CPU 1: 349 [00001046] new env 00001047
CPU 1: 353 [00001047] new env 00001048
CPU 1: 359 [00001048] new env 00001049
CPU 0: 367 [00001049] new env 0000104a
CPU 1: 373 [0000104a] new env 0000104b
CPU 0: 379 [0000104b] new env 0000104c
CPU 1: 383 [0000104c] new env 0000104d
CPU 1: 389 [0000104d] new env 0000104e
CPU 0: 397 [0000104e] new env 0000104f
CPU 1: 401 [0000104f] new env 00001050
CPU 1: 409 [00001050] new env 00001051
CPU 0: 419 [00001051] new env 00001052
CPU 1: 421 [00001052] new env 00001053
CPU 0: 431 [00001053] new env 00001054
CPU 0: 433 [00001054] new env 00001055
CPU 1: 439 [00001055] new env 00001056
CPU 0: 443 [00001056] new env 00001057
CPU 1: 449 [00001057] new env 00001058
CPU 1: 457 [00001058] new env 00001059
CPU 0: 461 [00001059] new env 0000105a
CPU 1: 463 [0000105a] new env 0000105b
CPU 1: 467 [0000105b] new env 0000105c
CPU 1: 479 [0000105c] new env 0000105d
CPU 0: 487 [0000105d] new env 0000105e
CPU 0: 491 [0000105e] new env 0000105f
CPU 0: 499 [0000105f] new env 00001060
CPU 0: 503 [00001060] new env 00001061
CPU 1: 509 [00001061] new env 00001062
CPU 1: 521 [00001062] new env 00001063
CPU 1: 523 [00001063] new env 00001064
CPU 0: 541 [00001064] new env 00001065
CPU 1: 547 [00001065] new env 00001066
CPU 0: 557 [00001066] new env 00001067
CPU 1: 563 [00001067] new env 00001068
CPU 0: 569 [00001068] new env 00001069
CPU 1: 571 [00001069] new env 0000106a
CPU 0: 577 [0000106a] new env 0000106b
CPU 1: 587 [0000106b] new env 0000106c
CPU 0: 593 [0000106c] new env 0000106d
CPU 1: 599 [0000106d] new env 0000106e
CPU 0: 601 [0000106e] new env 0000106f
CPU 0: 607 [0000106f] new env 00001070
CPU 0: 613 [00001070] new env 00001071
CPU 0: 617 [00001071] new env 00001072
CPU 0: 619 [00001072] new env 00001073
CPU 1: 631 [00001073] new env 00001074
CPU 0: 641 [00001074] new env 00001075
CPU 1: 643 [00001075] new env 00001076
CPU 0: 647 [00001076] new env 00001077
CPU 1: 653 [00001077] new env 00001078
CPU 1: 659 [00001078] new env 00001079
CPU 1: 661 [00001079] new env 0000107a
CPU 0: 673 [0000107a] new env 0000107b
CPU 0: 677 [0000107b] new env 0000107c
CPU 0: 683 [0000107c] new env 0000107d
CPU 0: 691 [0000107d] new env 0000107e
CPU 0: 701 [0000107e] new env 0000107f
CPU 1: 709 [0000107f] new env 00001080
CPU 0: 719 [00001080] new env 00001081
CPU 0: 727 [00001081] new env 00001082
CPU 0: 733 [00001082] new env 00001083
CPU 0: 739 [00001083] new env 00001084
CPU 1: 743 [00001084] new env 00001085
CPU 1: 751 [00001085] new env 00001086
CPU 0: 757 [00001086] new env 00001087
CPU 1: 761 [00001087] new env 00001088
CPU 1: 769 [00001088] new env 00001089
CPU 0: 773 [00001089] new env 0000108a
CPU 0: 787 [0000108a] new env 0000108b
CPU 0: 797 [0000108b] new env 0000108c
CPU 0: 809 [0000108c] new env 0000108d
CPU 1: 811 [0000108d] new env 0000108e
CPU 0: 821 [0000108e] new env 0000108f
CPU 1: 823 [0000108f] new env 00001090
CPU 1: 827 [00001090] new env 00001091
CPU 1: 829 [00001091] new env 00001092
CPU 1: 839 [00001092] new env 00001093
CPU 0: 853 [00001093] new env 00001094
CPU 1: 857 [00001094] new env 00001095
CPU 0: 859 [00001095] new env 00001096
CPU 0: 863 [00001096] new env 00001097
CPU 1: 877 [00001097] new env 00001098
CPU 0: 881 [00001098] new env 00001099
CPU 0: 883 [00001099] new env 0000109a
CPU 1: 887 [0000109a] new env 0000109b
CPU 1: 907 [0000109b] new env 0000109c
CPU 0: 911 [0000109c] new env 0000109d
CPU 0: 919 [0000109d] new env 0000109e
CPU 0: 929 [0000109e] new env 0000109f
CPU 0: 937 [0000109f] new env 000010a0
CPU 1: 941 [000010a0] new env 000010a1
CPU 0: 947 [000010a1] new env 000010a2
CPU 0: 953 [000010a2] new env 000010a3
CPU 1: 967 [000010a3] new env 000010a4
CPU 0: 971 [000010a4] new env 000010a5
CPU 0: 977 [000010a5] new env 000010a6
CPU 0: 983 [000010a6] new env 000010a7
CPU 1: 991 [000010a7] new env 000010a8
CPU 1: 997 [000010a8] new env 000010a9
CPU 0: 1009 [000010a9] new env 000010aa
CPU 1: 1013 [000010aa] new env 000010ab
CPU 1: 1019 [000010ab] new env 000010ac
CPU 1: 1021 [000010ac] new env 000010ad
CPU 0: 1031 [000010ad] new env 000010ae
CPU 0: 1033 [000010ae] new env 000010af
CPU 0: 1039 [000010af] new env 000010b0
CPU 1: 1049 [000010b0] new env 000010b1
CPU 1: 1051 [000010b1] new env 000010b2
CPU 1: 1061 [000010b2] new env 000010b3
CPU 1: 1063 [000010b3] new env 000010b4
CPU 1: 1069 [000010b4] new env 000010b5
CPU 1: 1087 [000010b5] new env 000010b6
CPU 0: 1091 [000010b6] new env 000010b7
CPU 0: 1093 [000010b7] new env 000010b8
CPU 1: 1097 [000010b8] new env 000010b9
CPU 0: 1103 [000010b9] new env 000010ba
CPU 1: 1109 [000010ba] new env 000010bb
CPU 1: 1117 [000010bb] new env 000010bc
CPU 0: 1123 [000010bc] new env 000010bd
CPU 1: 1129 [000010bd] new env 000010be
CPU 1: 1151 [000010be] new env 000010bf
CPU 1: 1153 [000010bf] new env 000010c0
CPU 0: 1163 [000010c0] new env 000010c1
CPU 1: 1171 [000010c1] new env 000010c2
CPU 1: 1181 [000010c2] new env 000010c3
CPU 0: 1187 [000010c3] new env 000010c4
CPU 1: 1193 [000010c4] new env 000010c5
CPU 1: 1201 [000010c5] new env 000010c6
CPU 1: 1213 [000010c6] new env 000010c7
CPU 1: 1217 [000010c7] new env 000010c8
CPU 1: 1223 [000010c8] new env 000010c9
CPU 0: 1229 [000010c9] new env 000010ca
CPU 0: 1231 [000010ca] new env 000010cb
CPU 0: 1237 [000010cb] new env 000010cc
CPU 1: 1249 [000010cc] new env 000010cd
CPU 1: 1259 [000010cd] new env 000010ce
CPU 1: 1277 [000010ce] new env 000010cf
CPU 1: 1279 [000010cf] new env 000010d0
CPU 1: 1283 [000010d0] new env 000010d1
CPU 1: 1289 [000010d1] new env 000010d2
CPU 1: 1291 [000010d2] new env 000010d3
CPU 1: 1297 [000010d3] new env 000010d4
CPU 1: 1301 [000010d4] new env 000010d5
CPU 1: 1303 [000010d5] new env 000010d6
CPU 1: 1307 [000010d6] new env 000010d7
CPU 0: 1319 [000010d7] new env 000010d8
CPU 0: 1321 [000010d8] new env 000010d9
CPU 1: 1327 [000010d9] new env 000010da
CPU 1: 1361 [000010da] new env 000010db
CPU 1: 1367 [000010db] new env 000010dc
CPU 1: 1373 [000010dc] new env 000010dd
CPU 0: 1381 [000010dd] new env 000010de
CPU 0: 1399 [000010de] new env 000010df
CPU 1: 1409 [000010df] new env 000010e0
CPU 1: 1423 [000010e0] new env 000010e1
CPU 1: 1427 [000010e1] new env 000010e2
CPU 1: 1429 [000010e2] new env 000010e3
CPU 1: 1433 [000010e3] new env 000010e4
CPU 1: 1439 [000010e4] new env 000010e5
CPU 0: 1447 [000010e5] new env 000010e6
CPU 0: 1451 [000010e6] new env 000010e7
CPU 1: 1453 [000010e7] new env 000010e8
CPU 0: 1459 [000010e8] new env 000010e9
CPU 1: 1471 [000010e9] new env 000010ea
CPU 0: 1481 [000010ea] new env 000010eb
CPU 0: 1483 [000010eb] new env 000010ec
CPU 1: 1487 [000010ec] new env 000010ed
CPU 1: 1489 [000010ed] new env 000010ee
CPU 0: 1493 [000010ee] new env 000010ef
CPU 1: 1499 [000010ef] new env 000010f0
CPU 1: 1511 [000010f0] new env 000010f1
CPU 1: 1523 [000010f1] new env 000010f2
CPU 1: 1531 [000010f2] new env 000010f3
CPU 0: 1543 [000010f3] new env 000010f4
CPU 1: 1549 [000010f4] new env 000010f5
CPU 1: 1553 [000010f5] new env 000010f6
CPU 1: 1559 [000010f6] new env 000010f7
CPU 1: 1567 [000010f7] new env 000010f8
CPU 0: 1571 [000010f8] new env 000010f9
CPU 1: 1579 [000010f9] new env 000010fa
CPU 1: 1583 [000010fa] new env 000010fb
CPU 1: 1597 [000010fb] new env 000010fc
CPU 0: 1601 [000010fc] new env 000010fd
CPU 1: 1607 [000010fd] new env 000010fe
CPU 0: 1609 [000010fe] new env 000010ff
CPU 0: 1613 [000010ff] new env 00001100
CPU 1: 1619 [00001100] new env 00001101
CPU 1: 1621 [00001101] new env 00001102
CPU 1: 1627 [00001102] new env 00001103
CPU 0: 1637 [00001103] new env 00001104
CPU 0: 1657 [00001104] new env 00001105
CPU 1: 1663 [00001105] new env 00001106
CPU 1: 1667 [00001106] new env 00001107
CPU 1: 1669 [00001107] new env 00001108
CPU 1: 1693 [00001108] new env 00001109
CPU 1: 1697 [00001109] new env 0000110a
CPU 1: 1699 [0000110a] new env 0000110b
CPU 1: 1709 [0000110b] new env 0000110c
CPU 0: 1721 [0000110c] new env 0000110d
CPU 0: 1723 [0000110d] new env 0000110e
CPU 0: 1733 [0000110e] new env 0000110f
CPU 0: 1741 [0000110f] new env 00001110
CPU 1: 1747 [00001110] new env 00001111
CPU 1: 1753 [00001111] new env 00001112
CPU 0: 1759 [00001112] new env 00001113
CPU 0: 1777 [00001113] new env 00001114
CPU 1: 1783 [00001114] new env 00001115
CPU 1: 1787 [00001115] new env 00001116
CPU 1: 1789 [00001116] new env 00001117
CPU 1: 1801 [00001117] new env 00001118
CPU 1: 1811 [00001118] new env 00001119
CPU 0: 1823 [00001119] new env 0000111a
CPU 1: 1831 [0000111a] new env 0000111b
CPU 1: 1847 [0000111b] new env 0000111c
CPU 0: 1861 [0000111c] new env 0000111d
CPU 1: 1867 [0000111d] new env 0000111e
CPU 0: 1871 [0000111e] new env 0000111f
CPU 1: 1873 [0000111f] new env 00001120
CPU 1: 1877 [00001120] new env 00001121
CPU 0: 1879 [00001121] new env 00001122
CPU 1: 1889 [00001122] new env 00001123
CPU 1: 1901 [00001123] new env 00001124
CPU 1: 1907 [00001124] new env 00001125
CPU 1: 1913 [00001125] new env 00001126
CPU 1: 1931 [00001126] new env 00001127
CPU 0: 1933 [00001127] new env 00001128
CPU 1: 1949 [00001128] new env 00001129
CPU 1: 1951 [00001129] new env 0000112a
CPU 0: 1973 [0000112a] new env 0000112b
CPU 1: 1979 [0000112b] new env 0000112c
CPU 0: 1987 [0000112c] new env 0000112d
CPU 1: 1993 [0000112d] new env 0000112e
CPU 0: 1997 [0000112e] new env 0000112f
CPU 1: 1999 [0000112f] new env 00001130
CPU 0: 2003 [00001130] new env 00001131
CPU 1: 2011 [00001131] new env 00001132
CPU 1: 2017 [00001132] new env 00001133
CPU 0: 2027 [00001133] new env 00001134
CPU 1: 2029 [00001134] new env 00001135
CPU 1: 2039 [00001135] new env 00001136
CPU 0: 2053 [00001136] new env 00001137
CPU 0: 2063 [00001137] new env 00001138
CPU 1: 2069 [00001138] new env 00001139
CPU 1: 2081 [00001139] new env 0000113a
CPU 0: 2083 [0000113a] new env 0000113b
CPU 0: 2087 [0000113b] new env 0000113c
CPU 0: 2089 [0000113c] new env 0000113d
CPU 1: 2099 [0000113d] new env 0000113e
CPU 1: 2111 [0000113e] new env 0000113f
CPU 0: 2113 [0000113f] new env 00001140
CPU 0: 2129 [00001140] new env 00001141
CPU 1: 2131 [00001141] new env 00001142
CPU 0: 2137 [00001142] new env 00001143
CPU 1: 2141 [00001143] new env 00001144
CPU 1: 2143 [00001144] new env 00001145
CPU 0: 2153 [00001145] new env 00001146
CPU 0: 2161 [00001146] new env 00001147
CPU 1: 2179 [00001147] new env 00001148
CPU 1: 2203 [00001148] new env 00001149
CPU 0: 2207 [00001149] new env 0000114a
CPU 1: 2213 [0000114a] new env 0000114b
CPU 1: 2221 [0000114b] new env 0000114c
CPU 0: 2237 [0000114c] new env 0000114d
CPU 1: 2239 [0000114d] new env 0000114e
CPU 1: 2243 [0000114e] new env 0000114f
CPU 0: 2251 [0000114f] new env 00001150
CPU 1: 2267 [00001150] new env 00001151
CPU 1: 2269 [00001151] new env 00001152
CPU 0: 2273 [00001152] new env 00001153
CPU 1: 2281 [00001153] new env 00001154
CPU 1: 2287 [00001154] new env 00001155
CPU 1: 2293 [00001155] new env 00001156
CPU 0: 2297 [00001156] new env 00001157
CPU 1: 2309 [00001157] new env 00001158
CPU 1: 2311 [00001158] new env 00001159
CPU 1: 2333 [00001159] new env 0000115a
CPU 1: 2339 [0000115a] new env 0000115b
CPU 1: 2341 [0000115b] new env 0000115c
CPU 1: 2347 [0000115c] new env 0000115d
CPU 0: 2351 [0000115d] new env 0000115e
CPU 1: 2357 [0000115e] new env 0000115f
CPU 1: 2371 [0000115f] new env 00001160
CPU 1: 2377 [00001160] new env 00001161
CPU 1: 2381 [00001161] new env 00001162
CPU 1: 2383 [00001162] new env 00001163
CPU 1: 2389 [00001163] new env 00001164
CPU 1: 2393 [00001164] new env 00001165
CPU 1: 2399 [00001165] new env 00001166
CPU 1: 2411 [00001166] new env 00001167
CPU 1: 2417 [00001167] new env 00001168
CPU 1: 2423 [00001168] new env 00001169
CPU 1: 2437 [00001169] new env 0000116a
CPU 1: 2441 [0000116a] new env 0000116b
CPU 1: 2447 [0000116b] new env 0000116c
CPU 0: 2459 [0000116c] new env 0000116d
CPU 1: 2467 [0000116d] new env 0000116e
CPU 1: 2473 [0000116e] new env 0000116f
CPU 1: 2477 [0000116f] new env 00001170
CPU 1: 2503 [00001170] new env 00001171
CPU 1: 2521 [00001171] new env 00001172
CPU 1: 2531 [00001172] new env 00001173
CPU 1: 2539 [00001173] new env 00001174
CPU 1: 2543 [00001174] new env 00001175
CPU 1: 2549 [00001175] new env 00001176
CPU 1: 2551 [00001176] new env 00001177
CPU 1: 2557 [00001177] new env 00001178
CPU 1: 2579 [00001178] new env 00001179
CPU 1: 2591 [00001179] new env 0000117a
CPU 1: 2593 [0000117a] new env 0000117b
CPU 1: 2609 [0000117b] new env 0000117c
CPU 0: 2617 [0000117c] new env 0000117d
CPU 1: 2621 [0000117d] new env 0000117e
CPU 0: 2633 [0000117e] new env 0000117f
CPU 1: 2647 [0000117f] new env 00001180
CPU 0: 2657 [00001180] new env 00001181
CPU 1: 2659 [00001181] new env 00001182
CPU 1: 2663 [00001182] new env 00001183
CPU 1: 2671 [00001183] new env 00001184
CPU 0: 2677 [00001184] new env 00001185
CPU 1: 2683 [00001185] new env 00001186
CPU 0: 2687 [00001186] new env 00001187
CPU 1: 2689 [00001187] new env 00001188
CPU 1: 2693 [00001188] new env 00001189
CPU 1: 2699 [00001189] new env 0000118a
CPU 0: 2707 [0000118a] new env 0000118b
CPU 0: 2711 [0000118b] new env 0000118c
CPU 0: 2713 [0000118c] new env 0000118d
CPU 0: 2719 [0000118d] new env 0000118e
CPU 1: 2729 [0000118e] new env 0000118f
CPU 1: 2731 [0000118f] new env 00001190
CPU 1: 2741 [00001190] new env 00001191
CPU 1: 2749 [00001191] new env 00001192
CPU 1: 2753 [00001192] new env 00001193
CPU 1: 2767 [00001193] new env 00001194
CPU 0: 2777 [00001194] new env 00001195
CPU 1: 2789 [00001195] new env 00001196
CPU 1: 2791 [00001196] new env 00001197
CPU 0: 2797 [00001197] new env 00001198
CPU 0: 2801 [00001198] new env 00001199
CPU 1: 2803 [00001199] new env 0000119a
CPU 1: 2819 [0000119a] new env 0000119b
CPU 1: 2833 [0000119b] new env 0000119c
CPU 1: 2837 [0000119c] new env 0000119d
CPU 0: 2843 [0000119d] new env 0000119e
CPU 1: 2851 [0000119e] new env 0000119f
CPU 1: 2857 [0000119f] new env 000011a0
CPU 1: 2861 [000011a0] new env 000011a1
CPU 1: 2879 [000011a1] new env 000011a2
CPU 1: 2887 [000011a2] new env 000011a3
CPU 1: 2897 [000011a3] new env 000011a4
CPU 1: 2903 [000011a4] new env 000011a5
CPU 1: 2909 [000011a5] new env 000011a6
CPU 1: 2917 [000011a6] new env 000011a7
CPU 0: 2927 [000011a7] new env 000011a8
CPU 1: 2939 [000011a8] new env 000011a9
CPU 1: 2953 [000011a9] new env 000011aa
CPU 1: 2957 [000011aa] new env 000011ab
CPU 1: 2963 [000011ab] new env 000011ac
CPU 1: 2969 [000011ac] new env 000011ad
CPU 1: 2971 [000011ad] new env 000011ae
CPU 1: 2999 [000011ae] new env 000011af
CPU 1: 3001 [000011af] new env 000011b0
CPU 1: 3011 [000011b0] new env 000011b1
CPU 1: 3019 [000011b1] new env 000011b2
CPU 0: 3023 [000011b2] new env 000011b3
CPU 1: 3037 [000011b3] new env 000011b4
CPU 1: 3041 [000011b4] new env 000011b5
CPU 1: 3049 [000011b5] new env 000011b6
CPU 1: 3061 [000011b6] new env 000011b7
CPU 1: 3067 [000011b7] new env 000011b8
CPU 1: 3079 [000011b8] new env 000011b9
CPU 1: 3083 [000011b9] new env 000011ba
CPU 1: 3089 [000011ba] new env 000011bb
CPU 1: 3109 [000011bb] new env 000011bc
CPU 1: 3119 [000011bc] new env 000011bd
CPU 1: 3121 [000011bd] new env 000011be
CPU 1: 3137 [000011be] new env 000011bf
CPU 1: 3163 [000011bf] new env 000011c0
CPU 1: 3167 [000011c0] new env 000011c1
CPU 0: 3169 [000011c1] new env 000011c2
CPU 1: 3181 [000011c2] new env 000011c3
CPU 0: 3187 [000011c3] new env 000011c4
CPU 0: 3191 [000011c4] new env 000011c5
CPU 0: 3203 [000011c5] new env 000011c6
CPU 1: 3209 [000011c6] new env 000011c7
CPU 1: 3217 [000011c7] new env 000011c8
CPU 1: 3221 [000011c8] new env 000011c9
CPU 1: 3229 [000011c9] new env 000011ca
CPU 0: 3251 [000011ca] new env 000011cb
CPU 0: 3253 [000011cb] new env 000011cc
CPU 1: 3257 [000011cc] new env 000011cd
CPU 1: 3259 [000011cd] new env 000011ce
CPU 1: 3271 [000011ce] new env 000011cf
CPU 1: 3299 [000011cf] new env 000011d0
CPU 0: 3301 [000011d0] new env 000011d1
CPU 0: 3307 [000011d1] new env 000011d2
CPU 0: 3313 [000011d2] new env 000011d3
CPU 0: 3319 [000011d3] new env 000011d4
CPU 1: 3323 [000011d4] new env 000011d5
CPU 1: 3329 [000011d5] new env 000011d6
CPU 1: 3331 [000011d6] new env 000011d7
CPU 1: 3343 [000011d7] new env 000011d8
CPU 0: 3347 [000011d8] new env 000011d9
CPU 0: 3359 [000011d9] new env 000011da
CPU 1: 3361 [000011da] new env 000011db
CPU 1: 3371 [000011db] new env 000011dc
CPU 1: 3373 [000011dc] new env 000011dd
CPU 0: 3389 [000011dd] new env 000011de
CPU 0: 3391 [000011de] new env 000011df
CPU 0: 3407 [000011df] new env 000011e0
CPU 1: 3413 [000011e0] new env 000011e1
CPU 1: 3433 [000011e1] new env 000011e2
CPU 0: 3449 [000011e2] new env 000011e3
CPU 0: 3457 [000011e3] new env 000011e4
CPU 1: 3461 [000011e4] new env 000011e5
CPU 1: 3463 [000011e5] new env 000011e6
CPU 0: 3467 [000011e6] new env 000011e7
CPU 1: 3469 [000011e7] new env 000011e8
CPU 1: 3491 [000011e8] new env 000011e9
CPU 1: 3499 [000011e9] new env 000011ea
CPU 0: 3511 [000011ea] new env 000011eb
CPU 1: 3517 [000011eb] new env 000011ec
CPU 1: 3527 [000011ec] new env 000011ed
CPU 0: 3529 [000011ed] new env 000011ee
CPU 1: 3533 [000011ee] new env 000011ef
CPU 1: 3539 [000011ef] new env 000011f0
CPU 0: 3541 [000011f0] new env 000011f1
CPU 1: 3547 [000011f1] new env 000011f2
CPU 1: 3557 [000011f2] new env 000011f3
CPU 0: 3559 [000011f3] new env 000011f4
CPU 1: 3571 [000011f4] new env 000011f5
CPU 0: 3581 [000011f5] new env 000011f6
CPU 1: 3583 [000011f6] new env 000011f7
CPU 0: 3593 [000011f7] new env 000011f8
CPU 0: 3607 [000011f8] new env 000011f9
CPU 0: 3613 [000011f9] new env 000011fa
CPU 1: 3617 [000011fa] new env 000011fb
CPU 0: 3623 [000011fb] new env 000011fc
CPU 0: 3631 [000011fc] new env 000011fd
CPU 1: 3637 [000011fd] new env 000011fe
CPU 1: 3643 [000011fe] new env 000011ff
CPU 0: 3659 [000011ff] new env 00001200
CPU 0: 3671 [00001200] new env 00001201
CPU 0: 3673 [00001201] new env 00001202
CPU 0: 3677 [00001202] new env 00001203
CPU 0: 3691 [00001203] new env 00001204
CPU 1: 3697 [00001204] new env 00001205
CPU 1: 3701 [00001205] new env 00001206
CPU 0: 3709 [00001206] new env 00001207
CPU 1: 3719 [00001207] new env 00001208
CPU 1: 3727 [00001208] new env 00001209
CPU 1: 3733 [00001209] new env 0000120a
CPU 1: 3739 [0000120a] new env 0000120b
CPU 0: 3761 [0000120b] new env 0000120c
CPU 1: 3767 [0000120c] new env 0000120d
CPU 1: 3769 [0000120d] new env 0000120e
CPU 0: 3779 [0000120e] new env 0000120f
CPU 0: 3793 [0000120f] new env 00001210
CPU 1: 3797 [00001210] new env 00001211
CPU 1: 3803 [00001211] new env 00001212
CPU 1: 3821 [00001212] new env 00001213
CPU 0: 3823 [00001213] new env 00001214
CPU 1: 3833 [00001214] new env 00001215
CPU 1: 3847 [00001215] new env 00001216
CPU 1: 3851 [00001216] new env 00001217
CPU 1: 3853 [00001217] new env 00001218
CPU 1: 3863 [00001218] new env 00001219
CPU 0: 3877 [00001219] new env 0000121a
CPU 1: 3881 [0000121a] new env 0000121b
CPU 1: 3889 [0000121b] new env 0000121c
CPU 0: 3907 [0000121c] new env 0000121d
CPU 1: 3911 [0000121d] new env 0000121e
CPU 0: 3917 [0000121e] new env 0000121f
CPU 0: 3919 [0000121f] new env 00001220
CPU 1: 3923 [00001220] new env 00001221
CPU 1: 3929 [00001221] new env 00001222
CPU 0: 3931 [00001222] new env 00001223
CPU 0: 3943 [00001223] new env 00001224
CPU 1: 3947 [00001224] new env 00001225
CPU 1: 3967 [00001225] new env 00001226
CPU 1: 3989 [00001226] new env 00001227
CPU 1: 4001 [00001227] new env 00001228
CPU 0: 4003 [00001228] new env 00001229
CPU 1: 4007 [00001229] new env 0000122a
CPU 0: 4013 [0000122a] new env 0000122b
CPU 1: 4019 [0000122b] new env 0000122c
CPU 0: 4021 [0000122c] new env 0000122d
CPU 0: 4027 [0000122d] new env 0000122e
CPU 1: 4049 [0000122e] new env 0000122f
CPU 1: 4051 [0000122f] new env 00001230
CPU 0: 4057 [00001230] new env 00001231
CPU 1: 4073 [00001231] new env 00001232
CPU 1: 4079 [00001232] new env 00001233
CPU 0: 4091 [00001233] new env 00001234
CPU 1: 4093 [00001234] new env 00001235
CPU 0: 4099 [00001235] new env 00001236
CPU 0: 4111 [00001236] new env 00001237
CPU 0: 4127 [00001237] new env 00001238
CPU 0: 4129 [00001238] new env 00001239
CPU 0: 4133 [00001239] new env 0000123a
CPU 1: 4139 [0000123a] new env 0000123b
CPU 0: 4153 [0000123b] new env 0000123c
CPU 1: 4157 [0000123c] new env 0000123d
CPU 1: 4159 [0000123d] new env 0000123e
CPU 1: 4177 [0000123e] new env 0000123f
CPU 0: 4201 [0000123f] new env 00001240
CPU 1: 4211 [00001240] new env 00001241
CPU 1: 4217 [00001241] new env 00001242
CPU 1: 4219 [00001242] new env 00001243
CPU 1: 4229 [00001243] new env 00001244
CPU 1: 4231 [00001244] new env 00001245
CPU 0: 4241 [00001245] new env 00001246
CPU 1: 4243 [00001246] new env 00001247
CPU 1: 4253 [00001247] new env 00001248
CPU 0: 4259 [00001248] new env 00001249
CPU 1: 4261 [00001249] new env 0000124a
CPU 0: 4271 [0000124a] new env 0000124b
CPU 0: 4273 [0000124b] new env 0000124c
CPU 0: 4283 [0000124c] new env 0000124d
CPU 1: 4289 [0000124d] new env 0000124e
CPU 0: 4297 [0000124e] new env 0000124f
CPU 0: 4327 [0000124f] new env 00001250
CPU 0: 4337 [00001250] new env 00001251
CPU 0: 4339 [00001251] new env 00001252
CPU 0: 4349 [00001252] new env 00001253
CPU 0: 4357 [00001253] new env 00001254
CPU 0: 4363 [00001254] new env 00001255
CPU 0: 4373 [00001255] new env 00001256
CPU 1: 4391 [00001256] new env 00001257
CPU 0: 4397 [00001257] new env 00001258
CPU 1: 4409 [00001258] new env 00001259
CPU 0: 4421 [00001259] new env 0000125a
CPU 0: 4423 [0000125a] new env 0000125b
CPU 0: 4441 [0000125b] new env 0000125c
CPU 0: 4447 [0000125c] new env 0000125d
CPU 1: 4451 [0000125d] new env 0000125e
CPU 1: 4457 [0000125e] new env 0000125f
CPU 1: 4463 [0000125f] new env 00001260
CPU 0: 4481 [00001260] new env 00001261
CPU 1: 4483 [00001261] new env 00001262
CPU 0: 4493 [00001262] new env 00001263
CPU 1: 4507 [00001263] new env 00001264
CPU 1: 4513 [00001264] new env 00001265
CPU 1: 4517 [00001265] new env 00001266
CPU 1: 4519 [00001266] new env 00001267
CPU 0: 4523 [00001267] new env 00001268
CPU 0: 4547 [00001268] new env 00001269
CPU 0: 4549 [00001269] new env 0000126a
CPU 0: 4561 [0000126a] new env 0000126b
CPU 0: 4567 [0000126b] new env 0000126c
CPU 0: 4583 [0000126c] new env 0000126d
CPU 1: 4591 [0000126d] new env 0000126e
CPU 0: 4597 [0000126e] new env 0000126f
CPU 1: 4603 [0000126f] new env 00001270
CPU 0: 4621 [00001270] new env 00001271
CPU 0: 4637 [00001271] new env 00001272
CPU 1: 4639 [00001272] new env 00001273
CPU 0: 4643 [00001273] new env 00001274
CPU 0: 4649 [00001274] new env 00001275
CPU 1: 4651 [00001275] new env 00001276
CPU 0: 4657 [00001276] new env 00001277
CPU 1: 4663 [00001277] new env 00001278
CPU 0: 4673 [00001278] new env 00001279
CPU 1: 4679 [00001279] new env 0000127a
CPU 0: 4691 [0000127a] new env 0000127b
CPU 1: 4703 [0000127b] new env 0000127c
CPU 1: 4721 [0000127c] new env 0000127d
CPU 0: 4723 [0000127d] new env 0000127e
CPU 0: 4729 [0000127e] new env 0000127f
CPU 1: 4733 [0000127f] new env 00001280
CPU 1: 4751 [00001280] new env 00001281
CPU 1: 4759 [00001281] new env 00001282
CPU 1: 4783 [00001282] new env 00001283
CPU 0: 4787 [00001283] new env 00001284
CPU 0: 4789 [00001284] new env 00001285
CPU 1: 4793 [00001285] new env 00001286
CPU 0: 4799 [00001286] new env 00001287
CPU 1: 4801 [00001287] new env 00001288
CPU 1: 4813 [00001288] new env 00001289
CPU 1: 4817 [00001289] new env 0000128a
CPU 0: 4831 [0000128a] new env 0000128b
CPU 0: 4861 [0000128b] new env 0000128c
